=====================================================================
Running GNN CLEP
06/22/26 18:27:07
Python path: /opt/software/easybuild/genoa/software/Miniforge3/24.11.3-0/bin/python
---------------------------------------------------------------------
Executing on hardware device: cuda

[INFO] Loading existing graph from ./gnn_clep/results/adni/AD_KG/ecdf_5/G_adni_DiseaseKG_ecdf.pkl

----------------------------Do Model Training------------------------------
Starting conversion from NetworkX to HeteroData...
HeteroData created: 16 node types, 610 edge types.

--- Starting training with (best) hyperparameters (Cross Validation) ---

test hits@10: 0.008708874758086812

-------------Run Classification HPO---------------------------------------------

--- Running Classification HPO with model logistic_regression---
Best Parameters: {'C': 38623.365602991136}
Best Parameters: {'C': 55.30717452469147}
Best Parameters: {'C': 0.0001701742669402138}
Best Parameters: {'C': 1.0945716814026794e-06}
Best Parameters: {'C': 326922.1767321198}

--- Running Classification HPO with model elastic_net---
Best Parameters: {'C': 0.2686337713382213, 'l1_ratio': 0.1493347266376438}
Best Parameters: {'C': 0.00034926197848571174, 'l1_ratio': 0.520953116598634}
Best Parameters: {'C': 0.23903175742204671, 'l1_ratio': 0.0755611327655088}
Best Parameters: {'C': 4.4775922605985774e-06, 'l1_ratio': 0.8501778858434116}
Best Parameters: {'C': 0.3132725530203174, 'l1_ratio': 0.8909259020251072}
---------------------------------------------------------------------
06/22/26 18:28:56
=====================================================================
